2022-02-19 10:38:58 [INFO]: The categoryId is::::undefined
2022-02-19 10:38:58 [INFO]: Error Message:::::[object Object]
2022-02-19 10:38:58 [INFO]: The categoryId is::::1
2022-02-19 10:38:58 [HTTP]: 94.050 ms - [200] GET /product/category/1

2022-02-19 10:39:28 [INFO]: The categoryId is::::undefined
2022-02-19 10:39:28 [INFO]: Error Message:::::[object Object]
2022-02-19 10:39:28 [ERROR]: [unhandledRejection] Error: 
    at Function.<anonymous> (C:\Users\DELL\udacity-fullstack-developer\nd0067-c2-creating-an-api-with-postgresql-and-express-project-starter\src\services\user-service.ts:32:13)
    at Generator.next (<anonymous>)
    at fulfilled (C:\Users\DELL\udacity-fullstack-developer\nd0067-c2-creating-an-api-with-postgresql-and-express-project-starter\src\services\user-service.ts:5:58)
2022-02-19 10:41:28 [HTTP]: - ms - [-] GET /user/1

2022-02-19 11:05:13 [INFO]: ⚡ My App Server Running here -> 127.0.0.1:8000
2022-02-19 11:28:12 [INFO]: ⚡ My App Server Running here -> 127.0.0.1:8000
2022-02-19 11:28:27 [INFO]: ⚡ My App Server Running here -> 127.0.0.1:8000
2022-02-19 11:28:49 [INFO]: The categoryId is::::undefined
2022-02-19 11:28:49 [INFO]: Error Message:::::[object Object]
2022-02-19 11:28:49 [ERROR]: [unhandledRejection] Error: 
    at Function.<anonymous> (C:\Users\DELL\udacity-fullstack-developer\nd0067-c2-creating-an-api-with-postgresql-and-express-project-starter\src\services\user-service.ts:32:13)
    at Generator.next (<anonymous>)
    at fulfilled (C:\Users\DELL\udacity-fullstack-developer\nd0067-c2-creating-an-api-with-postgresql-and-express-project-starter\src\services\user-service.ts:5:58)
2022-02-19 11:29:42 [INFO]: ⚡ My App Server Running here -> 127.0.0.1:8000
2022-02-19 11:29:47 [INFO]: The categoryId is::::undefined
2022-02-19 11:29:47 [INFO]: Error Message:::::[object Object]
2022-02-19 11:29:47 [ERROR]: [unhandledRejection] Error: 
    at Function.<anonymous> (C:\Users\DELL\udacity-fullstack-developer\nd0067-c2-creating-an-api-with-postgresql-and-express-project-starter\src\services\user-service.ts:32:13)
    at Generator.next (<anonymous>)
    at fulfilled (C:\Users\DELL\udacity-fullstack-developer\nd0067-c2-creating-an-api-with-postgresql-and-express-project-starter\src\services\user-service.ts:5:58)
2022-02-19 11:30:37 [HTTP]: - ms - [-] GET /user/1

2022-02-19 11:30:54 [INFO]: The categoryId is::::undefined
2022-02-19 11:30:54 [INFO]: Error Message:::::[object Object]
2022-02-19 11:30:55 [HTTP]: 13.294 ms - [200] GET /user/2

2022-02-19 11:33:55 [INFO]: ⚡ My App Server Running here -> 127.0.0.1:8000
2022-02-19 11:36:06 [INFO]: The categoryId is::::undefined
2022-02-19 11:36:06 [INFO]: Error Message:::::[object Object]
2022-02-19 11:36:06 [HTTP]: 142.424 ms - [201] POST /order

2022-02-19 11:36:29 [INFO]: The categoryId is::::undefined
2022-02-19 11:36:29 [INFO]: Error Message:::::[object Object]
2022-02-19 11:36:29 [HTTP]: 37.126 ms - [200] GET /order

2022-02-19 11:36:39 [INFO]: The categoryId is::::undefined
2022-02-19 11:36:39 [INFO]: Error Message:::::[object Object]
2022-02-19 11:36:39 [HTTP]: 10.377 ms - [200] GET /order/1

2022-02-19 11:37:18 [ERROR]: [unhandledRejection] Error: 
Invalid `prisma.orders.findMany()` invocation in
C:\Users\DELL\udacity-fullstack-developer\nd0067-c2-creating-an-api-with-postgresql-and-express-project-starter\src\services\order-service.ts:48:37

  45 }
  46 
  47 static async findCompleteByUserId(user_id: number): Promise<Orders[]> {
→ 48   const order = await prisma.orders.findMany({
         where: {
           user_id: NaN,
                    ~~~
           status: 'complete'
         }
       })

Argument user_id: Got invalid value NaN on prisma.findManyOrders. Provided Float, expected IntFilter or Int:
type IntFilter {
  equals?: Int
  in?: List<Int>
  notIn?: List<Int>
  lt?: Int
  lte?: Int
  gt?: Int
  gte?: Int
  not?: Int | NestedIntFilter
}
type IntFilter {
  equals?: Int
  in?: List<Int>
  notIn?: List<Int>
  lt?: Int
  lte?: Int
  gt?: Int
  gte?: Int
  not?: Int | NestedIntFilter
}


    at Object.validate (C:\Users\DELL\udacity-fullstack-developer\nd0067-c2-creating-an-api-with-postgresql-and-express-project-starter\node_modules\@prisma\client\runtime\index.js:34786:20)
    at PrismaClient._executeRequest (C:\Users\DELL\udacity-fullstack-developer\nd0067-c2-creating-an-api-with-postgresql-and-express-project-starter\node_modules\@prisma\client\runtime\index.js:40905:17)
    at consumer (C:\Users\DELL\udacity-fullstack-developer\nd0067-c2-creating-an-api-with-postgresql-and-express-project-starter\node_modules\@prisma\client\runtime\index.js:40850:23)
    at C:\Users\DELL\udacity-fullstack-developer\nd0067-c2-creating-an-api-with-postgresql-and-express-project-starter\node_modules\@prisma\client\runtime\index.js:40854:76
    at runInChildSpan (C:\Users\DELL\udacity-fullstack-developer\nd0067-c2-creating-an-api-with-postgresql-and-express-project-starter\node_modules\@prisma\client\runtime\index.js:39945:12)
    at C:\Users\DELL\udacity-fullstack-developer\nd0067-c2-creating-an-api-with-postgresql-and-express-project-starter\node_modules\@prisma\client\runtime\index.js:40854:20
    at AsyncResource.runInAsyncScope (async_hooks.js:186:9)
    at PrismaClient._request (C:\Users\DELL\udacity-fullstack-developer\nd0067-c2-creating-an-api-with-postgresql-and-express-project-starter\node_modules\@prisma\client\runtime\index.js:40853:86)
    at C:\Users\DELL\udacity-fullstack-developer\nd0067-c2-creating-an-api-with-postgresql-and-express-project-starter\node_modules\@prisma\client\runtime\index.js:40184:25
    at _callback (C:\Users\DELL\udacity-fullstack-developer\nd0067-c2-creating-an-api-with-postgresql-and-express-project-starter\node_modules\@prisma\client\runtime\index.js:39959:14)
2022-02-19 11:39:18 [HTTP]: - ms - [-] GET /orders-current-by-userid

2022-02-19 11:40:26 [INFO]: ⚡ My App Server Running here -> 127.0.0.1:8000
2022-02-19 11:40:34 [INFO]: ⚡ My App Server Running here -> 127.0.0.1:8000
2022-02-19 11:41:10 [HTTP]: 97.900 ms - [200] POST /orders-current-by-userid

2022-02-19 11:41:43 [INFO]: ⚡ My App Server Running here -> 127.0.0.1:8000
2022-02-19 11:41:47 [HTTP]: 87.365 ms - [200] POST /orders-current-by-userid

2022-02-19 11:43:08 [INFO]: ⚡ My App Server Running here -> 127.0.0.1:8000
2022-02-19 11:43:55 [HTTP]: 95.420 ms - [200] POST /order/complete

2022-02-19 11:44:26 [HTTP]: 10.387 ms - [200] POST /orders-complete-by-userid

