2022-02-16 08:13:51 [HTTP]: 5.442 ms - [404] POST /category

2022-02-16 08:13:51 [HTTP]: 0.239 ms - [404] POST /category

2022-02-16 08:13:51 [HTTP]: 0.211 ms - [404] POST /category

2022-02-16 08:13:51 [HTTP]: 0.254 ms - [404] POST /category

2022-02-16 08:13:51 [HTTP]: 0.218 ms - [404] POST /category

2022-02-16 08:15:47 [HTTP]: 0.178 ms - [404] POST /category

2022-02-16 08:17:07 [INFO]: ⚡ My App Server Running here -> 127.0.0.1:8000
2022-02-16 08:17:13 [INFO]: Error Message:::::
2022-02-16 08:17:13 [ERROR]: [unhandledRejection] Error: 
Invalid `prisma.products.create()` invocation in
C:\Users\DELL\udacity-fullstack-developer\nd0067-c2-creating-an-api-with-postgresql-and-express-project-starter\src\services\product-service.ts:46:40

  43 }
  44 
  45   static async create(name: string, price: number, categoryId: number) {
→ 46     const user = await prisma.products.create({
           data: {
             name: 'books',
         +   price: Float,
             categoryId: undefined,
         +   category: {
         +     create?: CategoriesCreateWithoutProductsInput | CategoriesUncheckedCreateWithoutProductsInput,
         +     connectOrCreate?: CategoriesCreateOrConnectWithoutProductsInput,
         +     connect?: CategoriesWhereUniqueInput
         +   },
         ?   Orders_Products?: {
         ?     create?: Orders_ProductsCreateWithoutProductInput | Orders_ProductsCreateWithoutProductInput | Orders_ProductsUncheckedCreateWithoutProductInput | Orders_ProductsUncheckedCreateWithoutProductInput,
         ?     connectOrCreate?: Orders_ProductsCreateOrConnectWithoutProductInput | Orders_ProductsCreateOrConnectWithoutProductInput,
         ?     createMany?: Orders_ProductsCreateManyProductInputEnvelope,
         ?     connect?: Orders_ProductsWhereUniqueInput | Orders_ProductsWhereUniqueInput
         ?   }
           }
         })

Argument price for data.price is missing.
Argument category for data.category is missing.

Note: Lines with + are required, lines with ? are optional.

    at Object.validate (C:\Users\DELL\udacity-fullstack-developer\nd0067-c2-creating-an-api-with-postgresql-and-express-project-starter\node_modules\@prisma\client\runtime\index.js:34786:20)
    at PrismaClient._executeRequest (C:\Users\DELL\udacity-fullstack-developer\nd0067-c2-creating-an-api-with-postgresql-and-express-project-starter\node_modules\@prisma\client\runtime\index.js:40905:17)
    at consumer (C:\Users\DELL\udacity-fullstack-developer\nd0067-c2-creating-an-api-with-postgresql-and-express-project-starter\node_modules\@prisma\client\runtime\index.js:40850:23)
    at C:\Users\DELL\udacity-fullstack-developer\nd0067-c2-creating-an-api-with-postgresql-and-express-project-starter\node_modules\@prisma\client\runtime\index.js:40854:76
    at runInChildSpan (C:\Users\DELL\udacity-fullstack-developer\nd0067-c2-creating-an-api-with-postgresql-and-express-project-starter\node_modules\@prisma\client\runtime\index.js:39945:12)
    at C:\Users\DELL\udacity-fullstack-developer\nd0067-c2-creating-an-api-with-postgresql-and-express-project-starter\node_modules\@prisma\client\runtime\index.js:40854:20
    at AsyncResource.runInAsyncScope (async_hooks.js:186:9)
    at PrismaClient._request (C:\Users\DELL\udacity-fullstack-developer\nd0067-c2-creating-an-api-with-postgresql-and-express-project-starter\node_modules\@prisma\client\runtime\index.js:40853:86)
    at C:\Users\DELL\udacity-fullstack-developer\nd0067-c2-creating-an-api-with-postgresql-and-express-project-starter\node_modules\@prisma\client\runtime\index.js:40184:25
    at _callback (C:\Users\DELL\udacity-fullstack-developer\nd0067-c2-creating-an-api-with-postgresql-and-express-project-starter\node_modules\@prisma\client\runtime\index.js:39959:14)
2022-02-16 08:18:14 [INFO]: ⚡ My App Server Running here -> 127.0.0.1:8000
2022-02-16 08:18:49 [INFO]: ⚡ My App Server Running here -> 127.0.0.1:8000
2022-02-16 08:18:54 [INFO]: Error Message:::::
2022-02-16 08:18:55 [HTTP]: 127.675 ms - [201] POST /category

2022-02-16 08:21:52 [INFO]: Error Message:::::
2022-02-16 08:21:52 [HTTP]: 46.900 ms - [201] POST /product

2022-02-16 08:22:37 [INFO]: Error Message:::::
2022-02-16 08:22:37 [HTTP]: 11.883 ms - [200] GET /product/1

2022-02-16 08:22:59 [HTTP]: 2.073 ms - [404] GET //product/category/1

2022-02-16 08:23:06 [INFO]: Error Message:::::
2022-02-16 08:23:06 [HTTP]: 8.712 ms - [400] GET /product/category/1

2022-02-16 08:29:32 [INFO]: ⚡ My App Server Running here -> 127.0.0.1:8000
2022-02-16 08:29:36 [INFO]: Error Message:::::
2022-02-16 08:29:36 [HTTP]: 19.844 ms - [400] GET /product/category/1

