2022-02-16 08:17:13 [ERROR]: [unhandledRejection] Error: 
Invalid `prisma.products.create()` invocation in
C:\Users\DELL\udacity-fullstack-developer\nd0067-c2-creating-an-api-with-postgresql-and-express-project-starter\src\services\product-service.ts:46:40

  43 }
  44 
  45   static async create(name: string, price: number, categoryId: number) {
→ 46     const user = await prisma.products.create({
           data: {
             name: 'books',
         +   price: Float,
             categoryId: undefined,
         +   category: {
         +     create?: CategoriesCreateWithoutProductsInput | CategoriesUncheckedCreateWithoutProductsInput,
         +     connectOrCreate?: CategoriesCreateOrConnectWithoutProductsInput,
         +     connect?: CategoriesWhereUniqueInput
         +   },
         ?   Orders_Products?: {
         ?     create?: Orders_ProductsCreateWithoutProductInput | Orders_ProductsCreateWithoutProductInput | Orders_ProductsUncheckedCreateWithoutProductInput | Orders_ProductsUncheckedCreateWithoutProductInput,
         ?     connectOrCreate?: Orders_ProductsCreateOrConnectWithoutProductInput | Orders_ProductsCreateOrConnectWithoutProductInput,
         ?     createMany?: Orders_ProductsCreateManyProductInputEnvelope,
         ?     connect?: Orders_ProductsWhereUniqueInput | Orders_ProductsWhereUniqueInput
         ?   }
           }
         })

Argument price for data.price is missing.
Argument category for data.category is missing.

Note: Lines with + are required, lines with ? are optional.

    at Object.validate (C:\Users\DELL\udacity-fullstack-developer\nd0067-c2-creating-an-api-with-postgresql-and-express-project-starter\node_modules\@prisma\client\runtime\index.js:34786:20)
    at PrismaClient._executeRequest (C:\Users\DELL\udacity-fullstack-developer\nd0067-c2-creating-an-api-with-postgresql-and-express-project-starter\node_modules\@prisma\client\runtime\index.js:40905:17)
    at consumer (C:\Users\DELL\udacity-fullstack-developer\nd0067-c2-creating-an-api-with-postgresql-and-express-project-starter\node_modules\@prisma\client\runtime\index.js:40850:23)
    at C:\Users\DELL\udacity-fullstack-developer\nd0067-c2-creating-an-api-with-postgresql-and-express-project-starter\node_modules\@prisma\client\runtime\index.js:40854:76
    at runInChildSpan (C:\Users\DELL\udacity-fullstack-developer\nd0067-c2-creating-an-api-with-postgresql-and-express-project-starter\node_modules\@prisma\client\runtime\index.js:39945:12)
    at C:\Users\DELL\udacity-fullstack-developer\nd0067-c2-creating-an-api-with-postgresql-and-express-project-starter\node_modules\@prisma\client\runtime\index.js:40854:20
    at AsyncResource.runInAsyncScope (async_hooks.js:186:9)
    at PrismaClient._request (C:\Users\DELL\udacity-fullstack-developer\nd0067-c2-creating-an-api-with-postgresql-and-express-project-starter\node_modules\@prisma\client\runtime\index.js:40853:86)
    at C:\Users\DELL\udacity-fullstack-developer\nd0067-c2-creating-an-api-with-postgresql-and-express-project-starter\node_modules\@prisma\client\runtime\index.js:40184:25
    at _callback (C:\Users\DELL\udacity-fullstack-developer\nd0067-c2-creating-an-api-with-postgresql-and-express-project-starter\node_modules\@prisma\client\runtime\index.js:39959:14)
